<?xml version="1.0" encoding="UTF-8"?>
<testng-results ignored="0" total="1" passed="0" failed="1" skipped="0">
  <reporter-output>
  </reporter-output>
  <suite started-at="2026-06-19T14:22:39 IST" name="Local Test Suite" finished-at="2026-06-19T14:24:52 IST" duration-ms="133467">
    <groups>
    </groups>
    <test started-at="2026-06-19T14:22:39 IST" name="School Fees Local Test" finished-at="2026-06-19T14:24:52 IST" duration-ms="133467">
      <class name="modules.StudentParentDetails.test.StudentParentDetailsTest">
        <test-method is-config="true" signature="setUp(java.lang.String,java.lang.String)[pri:0, instance:modules.StudentParentDetails.test.StudentParentDetailsTest@38b5f25]" started-at="2026-06-19T14:22:39 IST" name="setUp" finished-at="2026-06-19T14:22:47 IST" duration-ms="7734" status="PASS">
          <params>
            <param index="0">
              <value>
                <![CDATA[chrome]]>
              </value>
            </param>
            <param index="1">
              <value>
                <![CDATA[local]]>
              </value>
            </param>
          </params>
          <reporter-output>
          </reporter-output>
        </test-method> <!-- setUp -->
        <test-method signature="ParentDetailsUpdate()[pri:0, instance:modules.StudentParentDetails.test.StudentParentDetailsTest@38b5f25]" started-at="2026-06-19T14:22:47 IST" name="ParentDetailsUpdate" finished-at="2026-06-19T14:24:52 IST" duration-ms="124713" status="FAIL">
          <exception class="java.lang.RuntimeException">
            <message>
              <![CDATA[Unable to select 'British (United Kingdom)' from dropdown 'motheR_NATIONALITY_ID']]>
            </message>
            <full-stacktrace>
              <![CDATA[java.lang.RuntimeException: Unable to select 'British (United Kingdom)' from dropdown 'motheR_NATIONALITY_ID'
at modules.StudentParentDetails.Page.StudentParentDetailsPage.selectBootstrapDropdown(StudentParentDetailsPage.java:182)
at modules.StudentParentDetails.test.StudentParentDetailsTest.ParentDetailsUpdate(StudentParentDetailsTest.java:141)
at java.base/jdk.internal.reflect.DirectMethodHandleAccessor.invoke(DirectMethodHandleAccessor.java:103)
at java.base/java.lang.reflect.Method.invoke(Method.java:580)
at org.testng.internal.invokers.MethodInvocationHelper.invokeMethod(MethodInvocationHelper.java:141)
at org.testng.internal.invokers.TestInvoker.invokeMethod(TestInvoker.java:687)
at org.testng.internal.invokers.TestInvoker.invokeTestMethod(TestInvoker.java:230)
at org.testng.internal.invokers.MethodRunner.runInSequence(MethodRunner.java:63)
at org.testng.internal.invokers.TestInvoker$MethodInvocationAgent.invoke(TestInvoker.java:995)
at org.testng.internal.invokers.TestInvoker.invokeTestMethods(TestInvoker.java:203)
at org.testng.internal.invokers.TestMethodWorker.invokeTestMethods(TestMethodWorker.java:154)
at org.testng.internal.invokers.TestMethodWorker.run(TestMethodWorker.java:134)
at java.base/java.util.ArrayList.forEach(ArrayList.java:1596)
at org.testng.TestRunner.privateRun(TestRunner.java:741)
at org.testng.TestRunner.run(TestRunner.java:616)
at org.testng.SuiteRunner.runTest(SuiteRunner.java:421)
at org.testng.SuiteRunner.runSequentially(SuiteRunner.java:413)
at org.testng.SuiteRunner.privateRun(SuiteRunner.java:373)
at org.testng.SuiteRunner.run(SuiteRunner.java:312)
at org.testng.SuiteRunnerWorker.runSuite(SuiteRunnerWorker.java:52)
at org.testng.SuiteRunnerWorker.run(SuiteRunnerWorker.java:95)
at org.testng.TestNG.runSuitesSequentially(TestNG.java:1274)
at org.testng.TestNG.runSuitesLocally(TestNG.java:1208)
at org.testng.TestNG.runSuites(TestNG.java:1112)
at org.testng.TestNG.run(TestNG.java:1079)
at org.testng.remote.AbstractRemoteTestNG.run(AbstractRemoteTestNG.java:115)
at org.testng.remote.RemoteTestNG.initAndRun(RemoteTestNG.java:293)
at org.testng.remote.RemoteTestNG.main(RemoteTestNG.java:91)
Caused by: org.openqa.selenium.TimeoutException: Expected condition failed: waiting for element to be clickable: By.xpath: //span[@class='text' and normalize-space()='British (United Kingdom)'] (tried for 30 second(s) with 500 milliseconds interval)
Build info: version: '4.11.0', revision: '040bc5406b'
System info: os.name: 'Windows 11', os.arch: 'amd64', os.version: '10.0', java.version: '21.0.8'
Driver info: org.openqa.selenium.chrome.ChromeDriver
Capabilities {acceptInsecureCerts: false, browserName: chrome, browserVersion: 149.0.7827.103, chrome: {chromedriverVersion: 149.0.7827.155 (07b52360cc1..., userDataDir: C:\Users\TG2971\AppData\Loc...}, fedcm:accounts: true, goog:chromeOptions: {debuggerAddress: localhost:49360}, goog:processID: 15408, networkConnectionEnabled: false, pageLoadStrategy: normal, platformName: windows, proxy: Proxy(), se:cdp: ws://localhost:49360/devtoo..., se:cdpVersion: 149.0.7827.103, setWindowRect: true, strictFileInteractability: false, timeouts: {implicit: 0, pageLoad: 300000, script: 30000}, unhandledPromptBehavior: dismiss and notify, webauthn:extension:credBlob: true, webauthn:extension:largeBlob: true, webauthn:extension:minPinLength: true, webauthn:extension:prf: true, webauthn:virtualAuthenticators: true}
Session ID: 909f2fb809f1f9609faa917251335c4b
at org.openqa.selenium.support.ui.WebDriverWait.timeoutException(WebDriverWait.java:84)
at org.openqa.selenium.support.ui.FluentWait.until(FluentWait.java:230)
at modules.StudentParentDetails.Page.StudentParentDetailsPage.selectBootstrapDropdown(StudentParentDetailsPage.java:165)
... 27 more
]]>
            </full-stacktrace>
          </exception> <!-- java.lang.RuntimeException -->
          <reporter-output>
          </reporter-output>
        </test-method> <!-- ParentDetailsUpdate -->
        <test-method is-config="true" signature="tearDown()[pri:0, instance:modules.StudentParentDetails.test.StudentParentDetailsTest@38b5f25]" started-at="2026-06-19T14:24:52 IST" name="tearDown" finished-at="2026-06-19T14:24:52 IST" duration-ms="444" status="PASS">
          <reporter-output>
          </reporter-output>
        </test-method> <!-- tearDown -->
      </class> <!-- modules.StudentParentDetails.test.StudentParentDetailsTest -->
    </test> <!-- School Fees Local Test -->
  </suite> <!-- Local Test Suite -->
</testng-results>
