<?xml version="1.0" encoding="UTF-8"?>
<testng-results ignored="0" total="1" passed="1" failed="0" skipped="0">
  <reporter-output>
  </reporter-output>
  <suite started-at="2026-05-18T13:39:09 IST" name="Local Test Suite" finished-at="2026-05-18T13:40:45 IST" duration-ms="96166">
    <groups>
    </groups>
    <test started-at="2026-05-18T13:39:09 IST" name="School Fees Local Test" finished-at="2026-05-18T13:40:45 IST" duration-ms="96166">
      <class name="modules.schoolcalendar.tests.SchoolTest">
        <test-method is-config="true" signature="setUp(java.lang.String,java.lang.String)[pri:0, instance:modules.schoolcalendar.tests.SchoolTest@71809907]" started-at="2026-05-18T13:39:09 IST" name="setUp" finished-at="2026-05-18T13:39:15 IST" duration-ms="5527" status="PASS">
          <params>
            <param index="0">
              <value>
                <![CDATA[chrome]]>
              </value>
            </param>
            <param index="1">
              <value>
                <![CDATA[local]]>
              </value>
            </param>
          </params>
          <reporter-output>
          </reporter-output>
        </test-method> <!-- setUp -->
        <test-method signature="schoolCalendarModule()[pri:0, instance:modules.schoolcalendar.tests.SchoolTest@71809907]" started-at="2026-05-18T13:39:15 IST" name="schoolCalendarModule" finished-at="2026-05-18T13:40:45 IST" duration-ms="90017" status="PASS">
          <reporter-output>
          </reporter-output>
        </test-method> <!-- schoolCalendarModule -->
        <test-method is-config="true" signature="tearDown()[pri:0, instance:modules.schoolcalendar.tests.SchoolTest@71809907]" started-at="2026-05-18T13:40:45 IST" name="tearDown" finished-at="2026-05-18T13:40:45 IST" duration-ms="584" status="PASS">
          <reporter-output>
          </reporter-output>
        </test-method> <!-- tearDown -->
      </class> <!-- modules.schoolcalendar.tests.SchoolTest -->
    </test> <!-- School Fees Local Test -->
  </suite> <!-- Local Test Suite -->
</testng-results>
