<?xml version="1.0" encoding="UTF-8"?>
<!-- Generated by org.testng.reporters.JUnitReportReporter -->
<testsuite hostname="L-INE-D1FSCL3" failures="0" tests="2" name="modules.login.tests.ConnectLoginTest" time="26.542" errors="0" timestamp="2026-04-28T17:17:04 IST" skipped="0">
  <testcase classname="modules.login.tests.ConnectLoginTest" name="appPositiveLogin" time="14.145"/>
  <testcase classname="modules.login.tests.ConnectLoginTest" name="appNegativeLoginTest" time="12.397"/>
</testsuite> <!-- modules.login.tests.ConnectLoginTest -->
