<?xml version="1.0" encoding="UTF-8"?>
<!-- Generated by org.testng.reporters.JUnitXMLReporter -->
<testsuite ignored="0" hostname="L-INE-D1FSCL3" failures="1" tests="1" name="School Fees Local Test" time="133.467" errors="0" timestamp="2026-06-19T14:24:52 IST">
  <testcase classname="modules.StudentParentDetails.test.StudentParentDetailsTest" name="ParentDetailsUpdate" time="124.713">
    <failure type="java.lang.RuntimeException" message="Unable to select &amp;apos;British (United Kingdom)&amp;apos; from dropdown &amp;apos;motheR_NATIONALITY_ID&amp;apos;">
      <![CDATA[java.lang.RuntimeException: Unable to select 'British (United Kingdom)' from dropdown 'motheR_NATIONALITY_ID'
at modules.StudentParentDetails.Page.StudentParentDetailsPage.selectBootstrapDropdown(StudentParentDetailsPage.java:182)
at modules.StudentParentDetails.test.StudentParentDetailsTest.ParentDetailsUpdate(StudentParentDetailsTest.java:141)
at java.base/java.util.ArrayList.forEach(ArrayList.java:1596)
Caused by: org.openqa.selenium.TimeoutException: Expected condition failed: waiting for element to be clickable: By.xpath: //span[@class='text' and normalize-space()='British (United Kingdom)'] (tried for 30 second(s) with 500 milliseconds interval)
Build info: version: '4.11.0', revision: '040bc5406b'
System info: os.name: 'Windows 11', os.arch: 'amd64', os.version: '10.0', java.version: '21.0.8'
Driver info: org.openqa.selenium.chrome.ChromeDriver
Capabilities {acceptInsecureCerts: false, browserName: chrome, browserVersion: 149.0.7827.103, chrome: {chromedriverVersion: 149.0.7827.155 (07b52360cc1..., userDataDir: C:\Users\TG2971\AppData\Loc...}, fedcm:accounts: true, goog:chromeOptions: {debuggerAddress: localhost:49360}, goog:processID: 15408, networkConnectionEnabled: false, pageLoadStrategy: normal, platformName: windows, proxy: Proxy(), se:cdp: ws://localhost:49360/devtoo..., se:cdpVersion: 149.0.7827.103, setWindowRect: true, strictFileInteractability: false, timeouts: {implicit: 0, pageLoad: 300000, script: 30000}, unhandledPromptBehavior: dismiss and notify, webauthn:extension:credBlob: true, webauthn:extension:largeBlob: true, webauthn:extension:minPinLength: true, webauthn:extension:prf: true, webauthn:virtualAuthenticators: true}
Session ID: 909f2fb809f1f9609faa917251335c4b
at org.openqa.selenium.support.ui.WebDriverWait.timeoutException(WebDriverWait.java:84)
at org.openqa.selenium.support.ui.FluentWait.until(FluentWait.java:230)
at modules.StudentParentDetails.Page.StudentParentDetailsPage.selectBootstrapDropdown(StudentParentDetailsPage.java:165)
... 27 more
... Removed 25 stack frames]]>
    </failure>
  </testcase> <!-- ParentDetailsUpdate -->
</testsuite> <!-- School Fees Local Test -->
